2025-08-10 17:41:24,814 - INFO - Input: {'total_rooms': 1.0, 'total_bedrooms': 1.0, 'population': 1.0, 'households': 1.0, 'median_income': 1.0, 'housing_median_age': 60.0, 'latitude': 32.0, 'longitude': -125.0} | Prediction: 3.344307043010753
2025-08-10 17:45:59,386 - INFO - HTTP Request: GET http://testserver/ "HTTP/1.1 200 OK"
2025-08-10 17:45:59,456 - INFO - Input: {'total_rooms': 5000.0, 'total_bedrooms': 1200.0, 'population': 3000.0, 'households': 1000.0, 'median_income': 5.5, 'housing_median_age': 25.0, 'latitude': 37.88, 'longitude': -122.23} | Prediction: 4.860650727272709
2025-08-10 17:45:59,490 - INFO - HTTP Request: POST http://testserver/predict "HTTP/1.1 200 OK"
2025-08-10 17:45:59,502 - INFO - HTTP Request: POST http://testserver/predict "HTTP/1.1 422 Unprocessable Entity"
2025-08-10 17:45:59,515 - INFO - HTTP Request: GET http://testserver/app-metrics "HTTP/1.1 200 OK"
2025-08-10 17:45:59,634 - INFO - HTTP Request: GET http://testserver/ "HTTP/1.1 200 OK"
2025-08-10 17:45:59,659 - INFO - Input: {'sepal length (cm)': 5.8, 'sepal width (cm)': 3.0, 'petal length (cm)': 4.3, 'petal width (cm)': 1.3} | Prediction: 1 (versicolor)
2025-08-10 17:45:59,666 - INFO - HTTP Request: POST http://testserver/predict "HTTP/1.1 200 OK"
2025-08-10 17:45:59,685 - INFO - HTTP Request: POST http://testserver/predict "HTTP/1.1 422 Unprocessable Entity"
2025-08-10 17:45:59,702 - INFO - HTTP Request: GET http://testserver/app-metrics "HTTP/1.1 200 OK"
2025-08-10 17:45:59,717 - INFO - Input: {'total_rooms': 1.0, 'total_bedrooms': 1.0, 'population': 1.0, 'households': 1.0, 'median_income': 0.1, 'housing_median_age': 0.0, 'latitude': 32.1, 'longitude': -124.0} | Prediction: 1.6427973532668878
2025-08-10 17:45:59,725 - INFO - HTTP Request: POST http://testserver/predict "HTTP/1.1 200 OK"
2025-08-10 17:45:59,758 - INFO - Input: {'sepal length (cm)': 3.0, 'sepal width (cm)': 1.5, 'petal length (cm)': 0.5, 'petal width (cm)': 0.05} | Prediction: 0 (setosa)
2025-08-10 17:45:59,772 - INFO - HTTP Request: POST http://testserver/predict "HTTP/1.1 200 OK"
2025-08-10 18:03:44,022 - INFO - Input: {'total_rooms': 5000.0, 'total_bedrooms': 1200.0, 'population': 3000.0, 'households': 1000.0, 'median_income': 5.5, 'housing_median_age': 25.0, 'latitude': 37.88, 'longitude': -122.23} | Prediction: 4.860650727272709
2025-08-10 18:28:36,665 - INFO - Input: {'total_rooms': 5000.0, 'total_bedrooms': 1200.0, 'population': 3000.0, 'households': 1000.0, 'median_income': 5.5, 'housing_median_age': 25.0, 'latitude': 37.88, 'longitude': -122.23} | Prediction: 4.860650727272709
2025-08-10 18:30:01,243 - INFO - Input: {'total_rooms': 5000.0, 'total_bedrooms': 1200.0, 'population': 3000.0, 'households': 1000.0, 'median_income': 5.5, 'housing_median_age': 25.0, 'latitude': 37.88, 'longitude': -122.23} | Prediction: 4.860650727272709
2025-08-10 18:32:46,694 - INFO - Retraining requested: model_type=housing, force=True
2025-08-10 18:32:46,771 - INFO - Starting housing model retraining...
2025-08-10 18:32:47,407 - INFO - Retrained LinearRegression: MSE=0.556, R²=0.576
2025-08-10 18:32:47,721 - INFO - Retrained DecisionTree: MSE=0.525, R²=0.600
2025-08-10 18:32:47,732 - INFO - Updated main housing model with DecisionTree
2025-08-10 18:32:47,749 - INFO - Retraining completed: {'start_time': '2025-08-10T18:32:46.700785', 'model_type': 'housing', 'force': True, 'results': {'housing': {'status': 'success', 'best_model': 'DecisionTree', 'best_score': 0.5997321244428706, 'results': {'LinearRegression': {'mse': 0.5558915986952443, 'r2_score': 0.5757877060324508, 'model_path': 'models/LinearRegression.pkl'}, 'DecisionTree': {'mse': 0.5245146178314735, 'r2_score': 0.5997321244428706, 'model_path': 'models/DecisionTree.pkl'}}, 'retrain_time': '2025-08-10T18:32:47.732956'}}, 'end_time': '2025-08-10T18:32:47.749621', 'status': 'completed'}
2025-08-10 18:32:49,432 - INFO - Retraining requested: model_type=housing, force=True
2025-08-10 18:32:49,436 - INFO - Starting housing model retraining...
2025-08-10 18:32:49,681 - INFO - Retrained LinearRegression: MSE=0.556, R²=0.576
2025-08-10 18:32:49,984 - INFO - Retrained DecisionTree: MSE=0.525, R²=0.600
2025-08-10 18:32:49,996 - INFO - Updated main housing model with DecisionTree
2025-08-10 18:32:50,002 - INFO - Retraining completed: {'start_time': '2025-08-10T18:32:49.436810', 'model_type': 'housing', 'force': True, 'results': {'housing': {'status': 'success', 'best_model': 'DecisionTree', 'best_score': 0.5997321244428706, 'results': {'LinearRegression': {'mse': 0.5558915986952443, 'r2_score': 0.5757877060324508, 'model_path': 'models/LinearRegression.pkl'}, 'DecisionTree': {'mse': 0.5245146178314735, 'r2_score': 0.5997321244428706, 'model_path': 'models/DecisionTree.pkl'}}, 'retrain_time': '2025-08-10T18:32:49.996839'}}, 'end_time': '2025-08-10T18:32:50.002058', 'status': 'completed'}
2025-08-10 18:47:21,347 - INFO - Retraining requested: model_type=housing, force=True, new_data_path=data/new_housing_data.csv
2025-08-10 18:47:21,461 - INFO - Starting housing model retraining with data_path: data/new_housing_data.csv
2025-08-10 18:47:21,461 - INFO - Using custom data path: data/new_housing_data.csv
2025-08-10 18:47:22,198 - INFO - Retrained LinearRegression: MSE=0.018, R²=0.559
2025-08-10 18:47:22,396 - INFO - Retrained DecisionTree: MSE=0.090, R²=-1.250
2025-08-10 18:47:22,405 - INFO - Updated main housing model with LinearRegression
2025-08-10 18:47:22,420 - INFO - Retraining completed: {'start_time': '2025-08-10T18:47:21.352928', 'model_type': 'housing', 'force': True, 'new_data_path': 'data/new_housing_data.csv', 'results': {'housing': {'status': 'success', 'best_model': 'LinearRegression', 'best_score': 0.5585937500003169, 'results': {'LinearRegression': {'mse': 0.017656249999987318, 'r2_score': 0.5585937500003169, 'model_path': 'models/LinearRegression.pkl'}, 'DecisionTree': {'mse': 0.09000000000000002, 'r2_score': -1.2500000000000018, 'model_path': 'models/DecisionTree.pkl'}}, 'retrain_time': '2025-08-10T18:47:22.406708'}}, 'end_time': '2025-08-10T18:47:22.420192', 'status': 'completed'}
2025-08-10 18:47:51,375 - INFO - Retraining requested: model_type=housing, force=True, new_data_path=data/new_housing_data.csv
2025-08-10 18:47:51,384 - INFO - Starting housing model retraining with data_path: data/new_housing_data.csv
2025-08-10 18:47:51,384 - INFO - Using custom data path: data/new_housing_data.csv
2025-08-10 18:47:51,581 - INFO - Retrained LinearRegression: MSE=0.018, R²=0.559
2025-08-10 18:47:51,750 - INFO - Retrained DecisionTree: MSE=0.090, R²=-1.250
2025-08-10 18:47:51,757 - INFO - Updated main housing model with LinearRegression
2025-08-10 18:47:51,759 - INFO - Retraining completed: {'start_time': '2025-08-10T18:47:51.384244', 'model_type': 'housing', 'force': True, 'new_data_path': 'data/new_housing_data.csv', 'results': {'housing': {'status': 'success', 'best_model': 'LinearRegression', 'best_score': 0.5585937500003169, 'results': {'LinearRegression': {'mse': 0.017656249999987318, 'r2_score': 0.5585937500003169, 'model_path': 'models/LinearRegression.pkl'}, 'DecisionTree': {'mse': 0.09000000000000002, 'r2_score': -1.2500000000000018, 'model_path': 'models/DecisionTree.pkl'}}, 'retrain_time': '2025-08-10T18:47:51.757635'}}, 'end_time': '2025-08-10T18:47:51.759647', 'status': 'completed'}
2025-08-10 18:48:13,699 - INFO - Retraining requested: model_type=None, force=False, new_data_path=data/new_housing_data.csv
2025-08-10 18:48:13,703 - INFO - Retrieved 6 recent predictions for housing
2025-08-10 18:48:13,711 - INFO - Retrieved 3 recent predictions for iris
2025-08-10 18:48:13,711 - INFO - Retraining completed: {'start_time': '2025-08-10T18:48:13.699550', 'model_type': None, 'force': False, 'new_data_path': 'data/new_housing_data.csv', 'results': {'housing': {'status': 'skipped', 'reason': 'performance_acceptable', 'performance': {'status': 'insufficient_data', 'message': 'Need at least 100 predictions', 'prediction_count': 6}}, 'iris': {'status': 'skipped', 'reason': 'performance_acceptable', 'performance': {'status': 'insufficient_data', 'message': 'Need at least 50 predictions', 'prediction_count': 3}}}, 'end_time': '2025-08-10T18:48:13.711038', 'status': 'completed'}
2025-08-10 18:50:52,209 - INFO - Input: {'total_rooms': 5000.0, 'total_bedrooms': 1200.0, 'population': 3000.0, 'households': 2000.0, 'median_income': 5.5, 'housing_median_age': 25.0, 'latitude': 37.88, 'longitude': -122.23} | Prediction: 3.221875000000807
2025-08-10 18:56:30,266 - INFO - Starting housing model retraining with data_path: data/new_housing_data.csv
2025-08-10 18:56:30,266 - INFO - Using custom data path: data/new_housing_data.csv
2025-08-10 18:56:30,867 - INFO - Retrained LinearRegression: MSE=0.018, R²=0.559
2025-08-10 18:56:31,117 - INFO - Retrained DecisionTree: MSE=0.090, R²=-1.250
2025-08-10 18:56:31,131 - INFO - Updated main housing model with LinearRegression
2025-08-10 18:56:31,134 - INFO - Retraining completed: {'start_time': '2025-08-10T18:56:30.091392', 'model_type': 'housing', 'force': True, 'new_data_path': 'data/new_housing_data.csv', 'results': {'housing': {'status': 'success', 'best_model': 'LinearRegression', 'best_score': 0.5585937500003169, 'results': {'LinearRegression': {'mse': 0.017656249999987318, 'r2_score': 0.5585937500003169, 'model_path': 'models/LinearRegression.pkl'}, 'DecisionTree': {'mse': 0.09000000000000002, 'r2_score': -1.2500000000000018, 'model_path': 'models/DecisionTree.pkl'}}, 'retrain_time': '2025-08-10T18:56:31.131356'}}, 'end_time': '2025-08-10T18:56:31.134169', 'status': 'completed'}
2025-08-10 18:56:31,134 - INFO - Retraining completed: model_type=housing, force=True, new_data_path=data/new_housing_data.csv, status=completed
2025-08-10 19:56:30,723 - INFO - HTTP Request: GET http://testserver/ "HTTP/1.1 200 OK"
2025-08-10 19:56:30,754 - INFO - Input: {'total_rooms': 5000.0, 'total_bedrooms': 1200.0, 'population': 3000.0, 'households': 1000.0, 'median_income': 5.5, 'housing_median_age': 25.0, 'latitude': 37.88, 'longitude': -122.23} | Prediction: 1.034375000000125
2025-08-10 19:56:30,764 - INFO - HTTP Request: POST http://testserver/predict "HTTP/1.1 200 OK"
2025-08-10 19:56:30,775 - INFO - HTTP Request: POST http://testserver/predict "HTTP/1.1 422 Unprocessable Entity"
2025-08-10 19:56:30,782 - INFO - HTTP Request: GET http://testserver/app-metrics "HTTP/1.1 200 OK"
2025-08-10 19:56:31,148 - INFO - HTTP Request: GET http://testserver/ "HTTP/1.1 200 OK"
2025-08-10 19:56:31,174 - INFO - Input: {'sepal length (cm)': 5.8, 'sepal width (cm)': 3.0, 'petal length (cm)': 4.3, 'petal width (cm)': 1.3} | Prediction: 1 (versicolor)
2025-08-10 19:56:31,184 - INFO - HTTP Request: POST http://testserver/predict "HTTP/1.1 200 OK"
2025-08-10 19:56:31,195 - INFO - HTTP Request: POST http://testserver/predict "HTTP/1.1 422 Unprocessable Entity"
2025-08-10 19:56:31,201 - INFO - HTTP Request: GET http://testserver/app-metrics "HTTP/1.1 200 OK"
2025-08-10 19:56:31,219 - WARNING - Unusual prediction value: -26.483500000010167
2025-08-10 19:56:31,219 - INFO - Input: {'total_rooms': 1.0, 'total_bedrooms': 1.0, 'population': 1.0, 'households': 1.0, 'median_income': 0.1, 'housing_median_age': 0.0, 'latitude': 32.1, 'longitude': -124.0} | Prediction: -26.483500000010167
2025-08-10 19:56:31,228 - INFO - HTTP Request: POST http://testserver/predict "HTTP/1.1 200 OK"
2025-08-10 19:56:31,246 - INFO - Input: {'sepal length (cm)': 3.0, 'sepal width (cm)': 1.5, 'petal length (cm)': 0.5, 'petal width (cm)': 0.05} | Prediction: 0 (setosa)
2025-08-10 19:56:31,253 - INFO - HTTP Request: POST http://testserver/predict "HTTP/1.1 200 OK"
2025-08-10 21:47:47,647 - INFO - HTTP Request: GET http://testserver/ "HTTP/1.1 200 OK"
2025-08-10 21:47:47,707 - INFO - Input: {'total_rooms': 5000.0, 'total_bedrooms': 1200.0, 'population': 3000.0, 'households': 1000.0, 'median_income': 5.5, 'housing_median_age': 25.0, 'latitude': 37.88, 'longitude': -122.23} | Prediction: 4.860650727272709
2025-08-10 21:47:47,726 - INFO - HTTP Request: POST http://testserver/predict "HTTP/1.1 200 OK"
2025-08-10 21:47:47,751 - INFO - HTTP Request: POST http://testserver/predict "HTTP/1.1 422 Unprocessable Entity"
2025-08-10 21:47:47,780 - INFO - HTTP Request: GET http://testserver/app-metrics "HTTP/1.1 200 OK"
2025-08-10 21:47:48,354 - INFO - HTTP Request: GET http://testserver/ "HTTP/1.1 200 OK"
2025-08-10 21:47:48,440 - INFO - Input: {'sepal length (cm)': 5.8, 'sepal width (cm)': 3.0, 'petal length (cm)': 4.3, 'petal width (cm)': 1.3} | Prediction: 1 (versicolor)
2025-08-10 21:47:48,466 - INFO - HTTP Request: POST http://testserver/predict "HTTP/1.1 200 OK"
2025-08-10 21:47:48,484 - INFO - HTTP Request: POST http://testserver/predict "HTTP/1.1 422 Unprocessable Entity"
2025-08-10 21:47:48,515 - INFO - HTTP Request: GET http://testserver/app-metrics "HTTP/1.1 200 OK"
2025-08-10 21:47:48,641 - INFO - Input: {'total_rooms': 1.0, 'total_bedrooms': 1.0, 'population': 1.0, 'households': 1.0, 'median_income': 0.1, 'housing_median_age': 0.0, 'latitude': 32.1, 'longitude': -124.0} | Prediction: 1.6427973532668907
2025-08-10 21:47:48,674 - INFO - HTTP Request: POST http://testserver/predict "HTTP/1.1 200 OK"
2025-08-10 21:47:48,825 - INFO - Input: {'sepal length (cm)': 3.0, 'sepal width (cm)': 1.5, 'petal length (cm)': 0.5, 'petal width (cm)': 0.05} | Prediction: 0 (setosa)
2025-08-10 21:47:48,852 - INFO - HTTP Request: POST http://testserver/predict "HTTP/1.1 200 OK"
